<?xml version="1.0" encoding="UTF-8"?>
<!-- Generated by org.testng.reporters.JUnitReportReporter -->
<testsuite skipped="0" hostname="LE000182" name="org.sce.chatbot.ChatBotTest" tests="3" failures="0" timestamp="13 Dec 2018 09:33:47 GMT" time="59.238" errors="0">
  <testcase name="verifyChatBotContent" time="23.174" classname="org.sce.chatbot.ChatBotTest"/>
  <testcase name="verifyChatBotContent" time="17.939" classname="org.sce.chatbot.ChatBotTest"/>
  <testcase name="verifyChatBotContent" time="18.125" classname="org.sce.chatbot.ChatBotTest"/>
</testsuite> <!-- org.sce.chatbot.ChatBotTest -->
